12:11:32.633 [main] INFO  com.example.StarterApplication - Starting StarterApplication on OITS-HY2VBY1 with PID 10984 (C:\Users\csommers\Documents\workspace-sts-3.5.1.RELEASE\starter\Spring-Boot-Starter\target\classes started by csommers in C:\Users\csommers\Documents\workspace-sts-3.5.1.RELEASE\starter\Spring-Boot-Starter)
12:11:32.649 [main] INFO  com.example.StarterApplication - No active profile set, falling back to default profiles: default
12:11:32.711 [background-preinit] INFO  o.h.validator.internal.util.Version - HV000001: Hibernate Validator 5.2.4.Final
12:11:33.803 [main] INFO  o.s.b.c.e.AnnotationConfigEmbeddedWebApplicationContext - Refreshing org.springframework.boot.context.embedded.AnnotationConfigEmbeddedWebApplicationContext@98cf3b: startup date [Thu Sep 08 12:11:33 EDT 2016]; root of context hierarchy
12:11:37.878 [main] INFO  o.s.b.f.s.DefaultListableBeanFactory - Overriding bean definition for bean 'dataSource' with a different definition: replacing [Root bean: class [null]; scope=; abstract=false; lazyInit=false; autowireMode=3; dependencyCheck=0; autowireCandidate=true; primary=false; factoryBeanName=databaseConfig; factoryMethodName=dataSource; initMethodName=null; destroyMethodName=(inferred); defined in class path resource [com/example/config/DatabaseConfig.class]] with [Root bean: class [null]; scope=; abstract=false; lazyInit=false; autowireMode=3; dependencyCheck=0; autowireCandidate=true; primary=false; factoryBeanName=securityConfig; factoryMethodName=dataSource; initMethodName=null; destroyMethodName=(inferred); defined in class path resource [com/example/config/SecurityConfig.class]]
12:11:40.094 [main] INFO  o.s.c.s.PostProcessorRegistrationDelegate$BeanPostProcessorChecker - Bean 'org.springframework.transaction.annotation.ProxyTransactionManagementConfiguration' of type [class org.springframework.transaction.annotation.ProxyTransactionManagementConfiguration$$EnhancerBySpringCGLIB$$fd44ffdb] is not eligible for getting processed by all BeanPostProcessors (for example: not eligible for auto-proxying)
12:11:41.530 [main] INFO  o.s.b.c.e.t.TomcatEmbeddedServletContainer - Tomcat initialized with port(s): 9000 (http)
12:11:41.531 [main] INFO  o.a.catalina.core.StandardService - Starting service Tomcat
12:11:41.531 [main] INFO  o.a.catalina.core.StandardEngine - Starting Servlet Engine: Apache Tomcat/8.5.4
12:11:41.875 [localhost-startStop-1] INFO  o.a.c.c.C.[Tomcat].[localhost].[/] - Initializing Spring embedded WebApplicationContext
12:11:41.875 [localhost-startStop-1] INFO  o.s.web.context.ContextLoader - Root WebApplicationContext: initialization completed in 8072 ms
12:11:42.343 [localhost-startStop-1] INFO  o.s.b.w.s.FilterRegistrationBean - Mapping filter: 'characterEncodingFilter' to: [/*]
12:11:42.343 [localhost-startStop-1] INFO  o.s.b.w.s.FilterRegistrationBean - Mapping filter: 'hiddenHttpMethodFilter' to: [/*]
12:11:42.343 [localhost-startStop-1] INFO  o.s.b.w.s.FilterRegistrationBean - Mapping filter: 'httpPutFormContentFilter' to: [/*]
12:11:42.358 [localhost-startStop-1] INFO  o.s.b.w.s.FilterRegistrationBean - Mapping filter: 'requestContextFilter' to: [/*]
12:11:42.358 [localhost-startStop-1] INFO  o.s.b.w.s.DelegatingFilterProxyRegistrationBean - Mapping filter: 'springSecurityFilterChain' to: [/*]
12:11:42.358 [localhost-startStop-1] INFO  o.s.b.w.s.ServletRegistrationBean - Mapping servlet: 'dispatcherServlet' to [/]
12:11:43.107 [main] INFO  o.s.j.d.DriverManagerDataSource - Loaded JDBC driver: org.h2.Driver
12:11:43.794 [main] INFO  o.s.o.j.LocalContainerEntityManagerFactoryBean - Building JPA container EntityManagerFactory for persistence unit 'default'
12:11:43.872 [main] INFO  o.h.jpa.internal.util.LogHelper - HHH000204: Processing PersistenceUnitInfo [
	name: default
	...]
12:11:44.247 [main] INFO  org.hibernate.Version - HHH000412: Hibernate Core {5.0.9.Final}
12:11:44.248 [main] INFO  org.hibernate.cfg.Environment - HHH000206: hibernate.properties not found
12:11:44.248 [main] INFO  org.hibernate.cfg.Environment - HHH000021: Bytecode provider name : javassist
12:11:44.497 [main] INFO  o.h.annotations.common.Version - HCANN000001: Hibernate Commons Annotations {5.0.1.Final}
12:11:44.965 [main] INFO  org.hibernate.dialect.Dialect - HHH000400: Using dialect: org.hibernate.dialect.H2Dialect
12:11:45.153 [main] INFO  o.h.e.b.internal.EnversServiceImpl - Envers integration enabled? : true
12:11:50.566 [main] WARN  org.hibernate.orm.deprecation - HHH90000003: Use of DOM4J entity-mode is considered deprecated
12:11:50.567 [main] WARN  org.hibernate.orm.deprecation - HHH90000003: Use of DOM4J entity-mode is considered deprecated
12:11:50.567 [main] WARN  org.hibernate.orm.deprecation - HHH90000003: Use of DOM4J entity-mode is considered deprecated
12:11:51.628 [main] INFO  o.h.tool.hbm2ddl.SchemaExport - HHH000227: Running hbm2ddl schema export
12:11:51.785 [main] INFO  o.h.tool.hbm2ddl.SchemaExport - HHH000230: Schema export complete
12:11:51.894 [main] INFO  o.s.o.j.LocalContainerEntityManagerFactoryBean - Initialized JPA EntityManagerFactory for persistence unit 'default'
12:11:51.925 [main] INFO  com.example.StarterApplication - ---Application Started---
12:11:52.237 [main] INFO  org.hibernate.dialect.Dialect - HHH000400: Using dialect: org.hibernate.dialect.H2Dialect
12:11:52.253 [main] INFO  o.h.e.b.internal.EnversServiceImpl - Envers integration enabled? : true
12:11:54.426 [main] WARN  org.hibernate.orm.deprecation - HHH90000003: Use of DOM4J entity-mode is considered deprecated
12:11:54.427 [main] WARN  org.hibernate.orm.deprecation - HHH90000003: Use of DOM4J entity-mode is considered deprecated
12:11:54.427 [main] WARN  org.hibernate.orm.deprecation - HHH90000003: Use of DOM4J entity-mode is considered deprecated
12:11:54.661 [main] INFO  o.h.tool.hbm2ddl.SchemaExport - HHH000227: Running hbm2ddl schema export
12:11:54.692 [main] INFO  o.h.tool.hbm2ddl.SchemaExport - HHH000230: Schema export complete
12:11:54.739 [main] INFO  com.example.services.PeopleService - --Person Service Created
12:11:55.645 [main] INFO  o.s.o.h.HibernateTransactionManager - Using DataSource [org.springframework.jdbc.datasource.DriverManagerDataSource@184d9c6] of Hibernate SessionFactory for HibernateTransactionManager
12:11:57.035 [main] INFO  o.s.s.web.DefaultSecurityFilterChain - Creating filter chain: org.springframework.security.web.util.matcher.AnyRequestMatcher@1, [org.springframework.security.web.context.request.async.WebAsyncManagerIntegrationFilter@157666b, org.springframework.security.web.context.SecurityContextPersistenceFilter@9e74f3, org.springframework.security.web.header.HeaderWriterFilter@585cdd, org.springframework.security.web.authentication.logout.LogoutFilter@55eeb9, org.springframework.security.web.authentication.UsernamePasswordAuthenticationFilter@723ee, org.springframework.security.web.authentication.ui.DefaultLoginPageGeneratingFilter@1340615, org.springframework.security.web.savedrequest.RequestCacheAwareFilter@30997b, org.springframework.security.web.servletapi.SecurityContextHolderAwareRequestFilter@116f26, org.springframework.security.web.authentication.AnonymousAuthenticationFilter@144c323, org.springframework.security.web.session.SessionManagementFilter@1356b98, org.springframework.security.web.access.ExceptionTranslationFilter@3cf5d7, org.springframework.security.web.access.intercept.FilterSecurityInterceptor@a064bd]
12:11:57.508 [main] INFO  o.s.w.s.m.m.a.RequestMappingHandlerAdapter - Looking for @ControllerAdvice: org.springframework.boot.context.embedded.AnnotationConfigEmbeddedWebApplicationContext@98cf3b: startup date [Thu Sep 08 12:11:33 EDT 2016]; root of context hierarchy
12:11:57.680 [main] INFO  o.s.w.s.m.m.a.RequestMappingHandlerMapping - Mapped "{[/]}" onto public java.lang.String com.example.controllers.HomeController.home()
12:11:57.680 [main] INFO  o.s.w.s.m.m.a.RequestMappingHandlerMapping - Mapped "{[/thing]}" onto public java.util.List<com.example.models.Things> com.example.controllers.HomeController.things()
12:11:57.680 [main] INFO  o.s.w.s.m.m.a.RequestMappingHandlerMapping - Mapped "{[/thing/add],methods=[GET]}" onto public java.util.List<com.example.models.Things> com.example.controllers.HomeController.addthing()
12:11:57.680 [main] INFO  o.s.w.s.m.m.a.RequestMappingHandlerMapping - Mapped "{[/thing/add],methods=[POST]}" onto public java.util.List<com.example.models.Things> com.example.controllers.HomeController.addthing(com.example.models.Things)
12:11:57.680 [main] INFO  o.s.w.s.m.m.a.RequestMappingHandlerMapping - Mapped "{[/people]}" onto public java.util.List<com.example.models.Person> com.example.controllers.HomeController.people()
12:11:57.680 [main] INFO  o.s.w.s.m.m.a.RequestMappingHandlerMapping - Mapped "{[/person/add],methods=[GET]}" onto public java.util.List<com.example.models.Person> com.example.controllers.HomeController.adpeople()
12:11:57.680 [main] INFO  o.s.w.s.m.m.a.RequestMappingHandlerMapping - Mapped "{[/person/add],methods=[POST]}" onto public java.util.List<com.example.models.Person> com.example.controllers.HomeController.adpeople(com.example.models.Person)
12:11:57.680 [main] INFO  o.s.w.s.m.m.a.RequestMappingHandlerMapping - Mapped "{[/greeting]}" onto public java.lang.String com.example.controllers.HomeController.greeting(java.lang.String,org.springframework.ui.Model)
12:11:57.680 [main] INFO  o.s.w.s.m.m.a.RequestMappingHandlerMapping - Mapped "{[/thingcount]}" onto public java.lang.String com.example.controllers.HomeController.thingscount()
12:11:57.696 [main] INFO  o.s.w.s.m.m.a.RequestMappingHandlerMapping - Mapped "{[/otherthings]}" onto public org.springframework.hateoas.Resource<com.example.models.Things> com.example.controllers.OtherThingsController.things()
12:11:57.696 [main] INFO  o.s.w.s.m.m.a.RequestMappingHandlerMapping - Mapped "{[/otherthings/add],methods=[POST]}" onto public java.util.List<com.example.models.Things> com.example.controllers.OtherThingsController.addthing(com.example.models.Things)
12:11:57.696 [main] INFO  o.s.w.s.m.m.a.RequestMappingHandlerMapping - Mapped "{[/otherthings/add],methods=[GET]}" onto public java.util.List<com.example.models.Things> com.example.controllers.OtherThingsController.addthing()
12:11:57.696 [main] INFO  o.s.w.s.m.m.a.RequestMappingHandlerMapping - Mapped "{[/otherthings/count]}" onto public java.lang.String com.example.controllers.OtherThingsController.thingscount()
12:11:57.696 [main] INFO  o.s.w.s.m.m.a.RequestMappingHandlerMapping - Mapped "{[/error]}" onto public org.springframework.http.ResponseEntity<java.util.Map<java.lang.String, java.lang.Object>> org.springframework.boot.autoconfigure.web.BasicErrorController.error(javax.servlet.http.HttpServletRequest)
12:11:57.696 [main] INFO  o.s.w.s.m.m.a.RequestMappingHandlerMapping - Mapped "{[/error],produces=[text/html]}" onto public org.springframework.web.servlet.ModelAndView org.springframework.boot.autoconfigure.web.BasicErrorController.errorHtml(javax.servlet.http.HttpServletRequest,javax.servlet.http.HttpServletResponse)
12:11:57.945 [main] INFO  o.s.w.s.h.SimpleUrlHandlerMapping - Mapped URL path [/webjars/**] onto handler of type [class org.springframework.web.servlet.resource.ResourceHttpRequestHandler]
12:11:57.945 [main] INFO  o.s.w.s.h.SimpleUrlHandlerMapping - Mapped URL path [/**] onto handler of type [class org.springframework.web.servlet.resource.ResourceHttpRequestHandler]
12:11:58.023 [main] INFO  o.s.w.s.h.SimpleUrlHandlerMapping - Mapped URL path [/**/favicon.ico] onto handler of type [class org.springframework.web.servlet.resource.ResourceHttpRequestHandler]
12:12:01.065 [main] INFO  o.s.j.e.a.AnnotationMBeanExporter - Registering beans for JMX exposure on startup
12:12:01.129 [main] INFO  o.a.coyote.http11.Http11NioProtocol - Initializing ProtocolHandler ["http-nio-9000"]
12:12:01.160 [main] INFO  o.a.coyote.http11.Http11NioProtocol - Starting ProtocolHandler [http-nio-9000]
12:12:01.441 [main] INFO  o.a.tomcat.util.net.NioSelectorPool - Using a shared selector for servlet write/read
12:12:01.488 [main] INFO  o.s.b.c.e.t.TomcatEmbeddedServletContainer - Tomcat started on port(s): 9000 (http)
12:12:01.488 [main] INFO  com.example.StarterApplication - Started StarterApplication in 31.945 seconds (JVM running for 37.18)
12:12:19.200 [http-nio-9000-exec-1] INFO  o.a.c.c.C.[Tomcat].[localhost].[/] - Initializing Spring FrameworkServlet 'dispatcherServlet'
12:12:19.201 [http-nio-9000-exec-1] INFO  o.s.web.servlet.DispatcherServlet - FrameworkServlet 'dispatcherServlet': initialization started
12:12:19.260 [http-nio-9000-exec-1] INFO  o.s.web.servlet.DispatcherServlet - FrameworkServlet 'dispatcherServlet': initialization completed in 59 ms
12:12:19.381 [http-nio-9000-exec-1] INFO  o.h.h.i.QueryTranslatorFactoryInitiator - HHH000397: Using ASTQueryTranslatorFactory
12:13:21.740 [main] INFO  com.example.StarterApplication - Starting StarterApplication on OITS-HY2VBY1 with PID 9280 (C:\Users\csommers\Documents\workspace-sts-3.5.1.RELEASE\starter\Spring-Boot-Starter\target\classes started by csommers in C:\Users\csommers\Documents\workspace-sts-3.5.1.RELEASE\starter\Spring-Boot-Starter)
12:13:21.740 [main] INFO  com.example.StarterApplication - No active profile set, falling back to default profiles: default
12:13:21.927 [background-preinit] INFO  o.h.validator.internal.util.Version - HV000001: Hibernate Validator 5.2.4.Final
12:13:22.114 [main] INFO  o.s.b.c.e.AnnotationConfigEmbeddedWebApplicationContext - Refreshing org.springframework.boot.context.embedded.AnnotationConfigEmbeddedWebApplicationContext@98cf3b: startup date [Thu Sep 08 12:13:22 EDT 2016]; root of context hierarchy
12:13:23.736 [main] INFO  o.s.b.f.s.DefaultListableBeanFactory - Overriding bean definition for bean 'dataSource' with a different definition: replacing [Root bean: class [null]; scope=; abstract=false; lazyInit=false; autowireMode=3; dependencyCheck=0; autowireCandidate=true; primary=false; factoryBeanName=databaseConfig; factoryMethodName=dataSource; initMethodName=null; destroyMethodName=(inferred); defined in class path resource [com/example/config/DatabaseConfig.class]] with [Root bean: class [null]; scope=; abstract=false; lazyInit=false; autowireMode=3; dependencyCheck=0; autowireCandidate=true; primary=false; factoryBeanName=securityConfig; factoryMethodName=dataSource; initMethodName=null; destroyMethodName=(inferred); defined in class path resource [com/example/config/SecurityConfig.class]]
12:13:24.627 [main] INFO  o.s.c.s.PostProcessorRegistrationDelegate$BeanPostProcessorChecker - Bean 'org.springframework.transaction.annotation.ProxyTransactionManagementConfiguration' of type [class org.springframework.transaction.annotation.ProxyTransactionManagementConfiguration$$EnhancerBySpringCGLIB$$9ba24eb5] is not eligible for getting processed by all BeanPostProcessors (for example: not eligible for auto-proxying)
12:13:25.266 [main] INFO  o.s.b.c.e.t.TomcatEmbeddedServletContainer - Tomcat initialized with port(s): 9000 (http)
12:13:25.282 [main] INFO  o.a.catalina.core.StandardService - Starting service Tomcat
12:13:25.283 [main] INFO  o.a.catalina.core.StandardEngine - Starting Servlet Engine: Apache Tomcat/8.5.4
12:13:25.501 [localhost-startStop-1] INFO  o.a.c.c.C.[Tomcat].[localhost].[/] - Initializing Spring embedded WebApplicationContext
12:13:25.501 [localhost-startStop-1] INFO  o.s.web.context.ContextLoader - Root WebApplicationContext: initialization completed in 3387 ms
12:13:25.861 [localhost-startStop-1] INFO  o.s.b.w.s.FilterRegistrationBean - Mapping filter: 'characterEncodingFilter' to: [/*]
12:13:25.861 [localhost-startStop-1] INFO  o.s.b.w.s.FilterRegistrationBean - Mapping filter: 'hiddenHttpMethodFilter' to: [/*]
12:13:25.861 [localhost-startStop-1] INFO  o.s.b.w.s.FilterRegistrationBean - Mapping filter: 'httpPutFormContentFilter' to: [/*]
12:13:25.861 [localhost-startStop-1] INFO  o.s.b.w.s.FilterRegistrationBean - Mapping filter: 'requestContextFilter' to: [/*]
12:13:25.861 [localhost-startStop-1] INFO  o.s.b.w.s.DelegatingFilterProxyRegistrationBean - Mapping filter: 'springSecurityFilterChain' to: [/*]
12:13:25.861 [localhost-startStop-1] INFO  o.s.b.w.s.ServletRegistrationBean - Mapping servlet: 'dispatcherServlet' to [/]
12:13:26.382 [main] INFO  o.s.j.d.DriverManagerDataSource - Loaded JDBC driver: org.h2.Driver
12:13:26.648 [main] INFO  o.s.o.j.LocalContainerEntityManagerFactoryBean - Building JPA container EntityManagerFactory for persistence unit 'default'
12:13:26.679 [main] INFO  o.h.jpa.internal.util.LogHelper - HHH000204: Processing PersistenceUnitInfo [
	name: default
	...]
12:13:26.820 [main] INFO  org.hibernate.Version - HHH000412: Hibernate Core {5.0.9.Final}
12:13:26.820 [main] INFO  org.hibernate.cfg.Environment - HHH000206: hibernate.properties not found
12:13:26.820 [main] INFO  org.hibernate.cfg.Environment - HHH000021: Bytecode provider name : javassist
12:13:26.882 [main] INFO  o.h.annotations.common.Version - HCANN000001: Hibernate Commons Annotations {5.0.1.Final}
12:13:27.194 [main] INFO  org.hibernate.dialect.Dialect - HHH000400: Using dialect: org.hibernate.dialect.H2Dialect
12:13:27.288 [main] INFO  o.h.e.b.internal.EnversServiceImpl - Envers integration enabled? : true
12:13:29.094 [main] WARN  org.hibernate.orm.deprecation - HHH90000003: Use of DOM4J entity-mode is considered deprecated
12:13:29.094 [main] WARN  org.hibernate.orm.deprecation - HHH90000003: Use of DOM4J entity-mode is considered deprecated
12:13:29.094 [main] WARN  org.hibernate.orm.deprecation - HHH90000003: Use of DOM4J entity-mode is considered deprecated
12:13:29.666 [main] INFO  o.h.tool.hbm2ddl.SchemaExport - HHH000227: Running hbm2ddl schema export
12:13:29.697 [main] INFO  o.h.tool.hbm2ddl.SchemaExport - HHH000230: Schema export complete
12:13:29.775 [main] INFO  o.s.o.j.LocalContainerEntityManagerFactoryBean - Initialized JPA EntityManagerFactory for persistence unit 'default'
12:13:29.807 [main] INFO  com.example.StarterApplication - ---Application Started---
12:13:29.900 [main] INFO  org.hibernate.dialect.Dialect - HHH000400: Using dialect: org.hibernate.dialect.H2Dialect
12:13:29.916 [main] INFO  o.h.e.b.internal.EnversServiceImpl - Envers integration enabled? : true
12:13:30.602 [main] WARN  org.hibernate.orm.deprecation - HHH90000003: Use of DOM4J entity-mode is considered deprecated
12:13:30.602 [main] WARN  org.hibernate.orm.deprecation - HHH90000003: Use of DOM4J entity-mode is considered deprecated
12:13:30.602 [main] WARN  org.hibernate.orm.deprecation - HHH90000003: Use of DOM4J entity-mode is considered deprecated
12:13:30.681 [main] INFO  o.h.tool.hbm2ddl.SchemaExport - HHH000227: Running hbm2ddl schema export
12:13:30.712 [main] INFO  o.h.tool.hbm2ddl.SchemaExport - HHH000230: Schema export complete
12:13:30.744 [main] INFO  com.example.services.PeopleService - --Person Service Created
12:13:31.227 [main] INFO  o.s.o.h.HibernateTransactionManager - Using DataSource [org.springframework.jdbc.datasource.DriverManagerDataSource@111c7c] of Hibernate SessionFactory for HibernateTransactionManager
12:13:31.695 [main] INFO  o.s.s.web.DefaultSecurityFilterChain - Creating filter chain: org.springframework.security.web.util.matcher.AnyRequestMatcher@1, [org.springframework.security.web.context.request.async.WebAsyncManagerIntegrationFilter@fff5e7, org.springframework.security.web.context.SecurityContextPersistenceFilter@e40e98, org.springframework.security.web.header.HeaderWriterFilter@5e4aac, org.springframework.security.web.authentication.logout.LogoutFilter@9975a8, org.springframework.security.web.authentication.UsernamePasswordAuthenticationFilter@10525a8, org.springframework.security.web.authentication.ui.DefaultLoginPageGeneratingFilter@12dd35d, org.springframework.security.web.savedrequest.RequestCacheAwareFilter@1c2b55d, org.springframework.security.web.servletapi.SecurityContextHolderAwareRequestFilter@1df1377, org.springframework.security.web.authentication.AnonymousAuthenticationFilter@3d787, org.springframework.security.web.session.SessionManagementFilter@165a6af, org.springframework.security.web.access.ExceptionTranslationFilter@67634b, org.springframework.security.web.access.intercept.FilterSecurityInterceptor@f8e2e0]
12:13:31.993 [main] INFO  o.s.w.s.m.m.a.RequestMappingHandlerAdapter - Looking for @ControllerAdvice: org.springframework.boot.context.embedded.AnnotationConfigEmbeddedWebApplicationContext@98cf3b: startup date [Thu Sep 08 12:13:22 EDT 2016]; root of context hierarchy
12:13:32.117 [main] INFO  o.s.w.s.m.m.a.RequestMappingHandlerMapping - Mapped "{[/]}" onto public java.lang.String com.example.controllers.HomeController.home()
12:13:32.117 [main] INFO  o.s.w.s.m.m.a.RequestMappingHandlerMapping - Mapped "{[/thingcount]}" onto public java.lang.String com.example.controllers.HomeController.thingscount()
12:13:32.117 [main] INFO  o.s.w.s.m.m.a.RequestMappingHandlerMapping - Mapped "{[/greeting]}" onto public java.lang.String com.example.controllers.HomeController.greeting(java.lang.String,org.springframework.ui.Model)
12:13:32.117 [main] INFO  o.s.w.s.m.m.a.RequestMappingHandlerMapping - Mapped "{[/thing]}" onto public java.util.List<com.example.models.Things> com.example.controllers.HomeController.things()
12:13:32.117 [main] INFO  o.s.w.s.m.m.a.RequestMappingHandlerMapping - Mapped "{[/thing/add],methods=[GET]}" onto public java.util.List<com.example.models.Things> com.example.controllers.HomeController.addthing()
12:13:32.117 [main] INFO  o.s.w.s.m.m.a.RequestMappingHandlerMapping - Mapped "{[/thing/add],methods=[POST]}" onto public java.util.List<com.example.models.Things> com.example.controllers.HomeController.addthing(com.example.models.Things)
12:13:32.117 [main] INFO  o.s.w.s.m.m.a.RequestMappingHandlerMapping - Mapped "{[/people]}" onto public java.util.List<com.example.models.Person> com.example.controllers.HomeController.people()
12:13:32.117 [main] INFO  o.s.w.s.m.m.a.RequestMappingHandlerMapping - Mapped "{[/person/add],methods=[POST]}" onto public java.util.List<com.example.models.Person> com.example.controllers.HomeController.adpeople(com.example.models.Person)
12:13:32.117 [main] INFO  o.s.w.s.m.m.a.RequestMappingHandlerMapping - Mapped "{[/person/add],methods=[GET]}" onto public java.util.List<com.example.models.Person> com.example.controllers.HomeController.adpeople()
12:13:32.117 [main] INFO  o.s.w.s.m.m.a.RequestMappingHandlerMapping - Mapped "{[/otherthings/count]}" onto public java.lang.String com.example.controllers.OtherThingsController.thingscount()
12:13:32.117 [main] INFO  o.s.w.s.m.m.a.RequestMappingHandlerMapping - Mapped "{[/otherthings]}" onto public org.springframework.hateoas.Resource<com.example.models.Things> com.example.controllers.OtherThingsController.things()
12:13:32.117 [main] INFO  o.s.w.s.m.m.a.RequestMappingHandlerMapping - Mapped "{[/otherthings/add],methods=[POST]}" onto public java.util.List<com.example.models.Things> com.example.controllers.OtherThingsController.addthing(com.example.models.Things)
12:13:32.117 [main] INFO  o.s.w.s.m.m.a.RequestMappingHandlerMapping - Mapped "{[/otherthings/add],methods=[GET]}" onto public java.util.List<com.example.models.Things> com.example.controllers.OtherThingsController.addthing()
12:13:32.133 [main] INFO  o.s.w.s.m.m.a.RequestMappingHandlerMapping - Mapped "{[/error]}" onto public org.springframework.http.ResponseEntity<java.util.Map<java.lang.String, java.lang.Object>> org.springframework.boot.autoconfigure.web.BasicErrorController.error(javax.servlet.http.HttpServletRequest)
12:13:32.133 [main] INFO  o.s.w.s.m.m.a.RequestMappingHandlerMapping - Mapped "{[/error],produces=[text/html]}" onto public org.springframework.web.servlet.ModelAndView org.springframework.boot.autoconfigure.web.BasicErrorController.errorHtml(javax.servlet.http.HttpServletRequest,javax.servlet.http.HttpServletResponse)
12:13:32.180 [main] INFO  o.s.w.s.h.SimpleUrlHandlerMapping - Mapped URL path [/webjars/**] onto handler of type [class org.springframework.web.servlet.resource.ResourceHttpRequestHandler]
12:13:32.180 [main] INFO  o.s.w.s.h.SimpleUrlHandlerMapping - Mapped URL path [/**] onto handler of type [class org.springframework.web.servlet.resource.ResourceHttpRequestHandler]
12:13:32.289 [main] INFO  o.s.w.s.h.SimpleUrlHandlerMapping - Mapped URL path [/**/favicon.ico] onto handler of type [class org.springframework.web.servlet.resource.ResourceHttpRequestHandler]
12:13:33.506 [main] INFO  o.s.j.e.a.AnnotationMBeanExporter - Registering beans for JMX exposure on startup
12:13:33.538 [main] INFO  o.a.coyote.http11.Http11NioProtocol - Initializing ProtocolHandler ["http-nio-9000"]
12:13:33.554 [main] INFO  o.a.coyote.http11.Http11NioProtocol - Starting ProtocolHandler [http-nio-9000]
12:13:33.569 [main] INFO  o.a.tomcat.util.net.NioSelectorPool - Using a shared selector for servlet write/read
12:13:33.600 [main] INFO  o.s.b.c.e.t.TomcatEmbeddedServletContainer - Tomcat started on port(s): 9000 (http)
12:13:33.616 [main] INFO  com.example.StarterApplication - Started StarterApplication in 12.564 seconds (JVM running for 13.795)
12:13:42.010 [http-nio-9000-exec-1] INFO  o.a.c.c.C.[Tomcat].[localhost].[/] - Initializing Spring FrameworkServlet 'dispatcherServlet'
12:13:42.010 [http-nio-9000-exec-1] INFO  o.s.web.servlet.DispatcherServlet - FrameworkServlet 'dispatcherServlet': initialization started
12:13:42.055 [http-nio-9000-exec-1] INFO  o.s.web.servlet.DispatcherServlet - FrameworkServlet 'dispatcherServlet': initialization completed in 45 ms
12:13:42.239 [http-nio-9000-exec-1] INFO  o.h.h.i.QueryTranslatorFactoryInitiator - HHH000397: Using ASTQueryTranslatorFactory
