22:08:43.475 [main] INFO  o.s.b.t.c.SpringBootTestContextBootstrapper - Neither @ContextConfiguration nor @ContextHierarchy found for test class [com.example.StarterApplicationTests], using SpringBootContextLoader
22:08:43.499 [main] INFO  o.s.t.c.s.AbstractContextLoader - Could not detect default resource locations for test class [com.example.StarterApplicationTests]: no resource found for suffixes {-context.xml, Context.groovy}.
22:08:43.502 [main] INFO  o.s.t.c.s.AnnotationConfigContextLoaderUtils - Could not detect default configuration classes for test class [com.example.StarterApplicationTests]: StarterApplicationTests does not declare any static, non-private, non-final, nested classes annotated with @Configuration.
22:08:44.090 [main] INFO  o.s.b.t.c.SpringBootTestContextBootstrapper - Found @SpringBootConfiguration com.example.StarterApplication for test class com.example.StarterApplicationTests
22:08:44.119 [main] INFO  o.s.b.t.c.SpringBootTestContextBootstrapper - Loaded default TestExecutionListener class names from location [META-INF/spring.factories]: [org.springframework.boot.test.mock.mockito.MockitoTestExecutionListener, org.springframework.boot.test.mock.mockito.ResetMocksTestExecutionListener, org.springframework.boot.test.autoconfigure.AutoConfigureReportTestExecutionListener, org.springframework.boot.test.autoconfigure.restdocs.RestDocsTestExecutionListener, org.springframework.boot.test.autoconfigure.web.client.MockRestServiceServerResetTestExecutionListener, org.springframework.test.context.web.ServletTestExecutionListener, org.springframework.test.context.support.DirtiesContextBeforeModesTestExecutionListener, org.springframework.test.context.support.DependencyInjectionTestExecutionListener, org.springframework.test.context.support.DirtiesContextTestExecutionListener, org.springframework.test.context.transaction.TransactionalTestExecutionListener, org.springframework.test.context.jdbc.SqlScriptsTestExecutionListener]
22:08:44.189 [main] INFO  o.s.b.t.c.SpringBootTestContextBootstrapper - Using TestExecutionListeners: [org.springframework.test.context.web.ServletTestExecutionListener@708f5957, org.springframework.test.context.support.DirtiesContextBeforeModesTestExecutionListener@68999068, org.springframework.boot.test.autoconfigure.AutoConfigureReportTestExecutionListener@7722c3c3, org.springframework.test.context.support.DependencyInjectionTestExecutionListener@2ef3eef9, org.springframework.test.context.support.DirtiesContextTestExecutionListener@243c4f91, org.springframework.test.context.transaction.TransactionalTestExecutionListener@291ae, org.springframework.test.context.jdbc.SqlScriptsTestExecutionListener@61df66b6, org.springframework.boot.test.mock.mockito.MockitoTestExecutionListener@50eac852, org.springframework.boot.test.autoconfigure.restdocs.RestDocsTestExecutionListener@16ec5519, org.springframework.boot.test.autoconfigure.web.client.MockRestServiceServerResetTestExecutionListener@2f7298b, org.springframework.boot.test.mock.mockito.ResetMocksTestExecutionListener@188715b5]
22:08:44.214 [main] INFO  o.s.b.t.c.SpringBootTestContextBootstrapper - Neither @ContextConfiguration nor @ContextHierarchy found for test class [com.example.StarterApplicationTests], using SpringBootContextLoader
22:08:44.218 [main] INFO  o.s.t.c.s.AbstractContextLoader - Could not detect default resource locations for test class [com.example.StarterApplicationTests]: no resource found for suffixes {-context.xml, Context.groovy}.
22:08:44.219 [main] INFO  o.s.t.c.s.AnnotationConfigContextLoaderUtils - Could not detect default configuration classes for test class [com.example.StarterApplicationTests]: StarterApplicationTests does not declare any static, non-private, non-final, nested classes annotated with @Configuration.
22:08:44.247 [main] INFO  o.s.b.t.c.SpringBootTestContextBootstrapper - Found @SpringBootConfiguration com.example.StarterApplication for test class com.example.StarterApplicationTests
22:08:44.265 [main] INFO  o.s.b.t.c.SpringBootTestContextBootstrapper - Loaded default TestExecutionListener class names from location [META-INF/spring.factories]: [org.springframework.boot.test.mock.mockito.MockitoTestExecutionListener, org.springframework.boot.test.mock.mockito.ResetMocksTestExecutionListener, org.springframework.boot.test.autoconfigure.AutoConfigureReportTestExecutionListener, org.springframework.boot.test.autoconfigure.restdocs.RestDocsTestExecutionListener, org.springframework.boot.test.autoconfigure.web.client.MockRestServiceServerResetTestExecutionListener, org.springframework.test.context.web.ServletTestExecutionListener, org.springframework.test.context.support.DirtiesContextBeforeModesTestExecutionListener, org.springframework.test.context.support.DependencyInjectionTestExecutionListener, org.springframework.test.context.support.DirtiesContextTestExecutionListener, org.springframework.test.context.transaction.TransactionalTestExecutionListener, org.springframework.test.context.jdbc.SqlScriptsTestExecutionListener]
22:08:44.268 [main] INFO  o.s.b.t.c.SpringBootTestContextBootstrapper - Using TestExecutionListeners: [org.springframework.test.context.web.ServletTestExecutionListener@5af3afd9, org.springframework.test.context.support.DirtiesContextBeforeModesTestExecutionListener@323b36e0, org.springframework.boot.test.autoconfigure.AutoConfigureReportTestExecutionListener@44ebcd03, org.springframework.test.context.support.DependencyInjectionTestExecutionListener@694abbdc, org.springframework.test.context.support.DirtiesContextTestExecutionListener@2e005c4b, org.springframework.test.context.transaction.TransactionalTestExecutionListener@4567f35d, org.springframework.test.context.jdbc.SqlScriptsTestExecutionListener@5ffead27, org.springframework.boot.test.mock.mockito.MockitoTestExecutionListener@6356695f, org.springframework.boot.test.autoconfigure.restdocs.RestDocsTestExecutionListener@4f18837a, org.springframework.boot.test.autoconfigure.web.client.MockRestServiceServerResetTestExecutionListener@359f7cdf, org.springframework.boot.test.mock.mockito.ResetMocksTestExecutionListener@1fa268de]
22:08:46.018 [main] INFO  com.example.StarterApplicationTests - Starting StarterApplicationTests on THINK with PID 5552 (started by Chris in C:\Users\Chris\Documents\GitHub\Spring-Boot-Starter)
22:08:46.020 [main] INFO  com.example.StarterApplicationTests - No active profile set, falling back to default profiles: default
22:08:47.516 [background-preinit] INFO  o.h.validator.internal.util.Version - HV000001: Hibernate Validator 5.2.4.Final
22:08:47.659 [main] INFO  o.s.w.c.s.GenericWebApplicationContext - Refreshing org.springframework.web.context.support.GenericWebApplicationContext@5efa40fe: startup date [Wed Sep 21 22:08:47 EDT 2016]; root of context hierarchy
22:08:51.757 [main] INFO  o.s.b.f.s.DefaultListableBeanFactory - Overriding bean definition for bean 'dataSource' with a different definition: replacing [Root bean: class [null]; scope=; abstract=false; lazyInit=false; autowireMode=3; dependencyCheck=0; autowireCandidate=true; primary=false; factoryBeanName=databaseConfig; factoryMethodName=dataSource; initMethodName=null; destroyMethodName=(inferred); defined in class path resource [com/example/config/DatabaseConfig.class]] with [Root bean: class [null]; scope=; abstract=false; lazyInit=false; autowireMode=3; dependencyCheck=0; autowireCandidate=true; primary=false; factoryBeanName=securityConfig; factoryMethodName=dataSource; initMethodName=null; destroyMethodName=(inferred); defined in class path resource [com/example/config/SecurityConfig.class]]
22:08:54.619 [main] INFO  o.s.c.s.PostProcessorRegistrationDelegate$BeanPostProcessorChecker - Bean 'org.springframework.transaction.annotation.ProxyTransactionManagementConfiguration' of type [class org.springframework.transaction.annotation.ProxyTransactionManagementConfiguration$$EnhancerBySpringCGLIB$$22fec602] is not eligible for getting processed by all BeanPostProcessors (for example: not eligible for auto-proxying)
22:08:54.791 [main] INFO  o.s.c.s.PostProcessorRegistrationDelegate$BeanPostProcessorChecker - Bean 'org.springframework.cache.annotation.ProxyCachingConfiguration' of type [class org.springframework.cache.annotation.ProxyCachingConfiguration$$EnhancerBySpringCGLIB$$6c10fc20] is not eligible for getting processed by all BeanPostProcessors (for example: not eligible for auto-proxying)
22:08:54.928 [main] INFO  o.s.c.s.PostProcessorRegistrationDelegate$BeanPostProcessorChecker - Bean 'org.springframework.boot.autoconfigure.cache.CacheAutoConfiguration' of type [class org.springframework.boot.autoconfigure.cache.CacheAutoConfiguration$$EnhancerBySpringCGLIB$$6084c0c4] is not eligible for getting processed by all BeanPostProcessors (for example: not eligible for auto-proxying)
22:08:55.455 [main] INFO  o.s.c.s.PostProcessorRegistrationDelegate$BeanPostProcessorChecker - Bean 'spring.cache-org.springframework.boot.autoconfigure.cache.CacheProperties' of type [class org.springframework.boot.autoconfigure.cache.CacheProperties] is not eligible for getting processed by all BeanPostProcessors (for example: not eligible for auto-proxying)
22:08:55.487 [main] INFO  o.s.c.s.PostProcessorRegistrationDelegate$BeanPostProcessorChecker - Bean 'org.springframework.boot.autoconfigure.cache.CacheManagerCustomizers' of type [class org.springframework.boot.autoconfigure.cache.CacheManagerCustomizers] is not eligible for getting processed by all BeanPostProcessors (for example: not eligible for auto-proxying)
22:08:55.502 [main] INFO  o.s.c.s.PostProcessorRegistrationDelegate$BeanPostProcessorChecker - Bean 'org.springframework.boot.autoconfigure.cache.SimpleCacheConfiguration' of type [class org.springframework.boot.autoconfigure.cache.SimpleCacheConfiguration$$EnhancerBySpringCGLIB$$22033a5] is not eligible for getting processed by all BeanPostProcessors (for example: not eligible for auto-proxying)
22:08:55.794 [main] INFO  o.s.c.s.PostProcessorRegistrationDelegate$BeanPostProcessorChecker - Bean 'cacheManager' of type [class org.springframework.cache.concurrent.ConcurrentMapCacheManager] is not eligible for getting processed by all BeanPostProcessors (for example: not eligible for auto-proxying)
22:08:55.806 [main] INFO  o.s.c.s.PostProcessorRegistrationDelegate$BeanPostProcessorChecker - Bean 'cacheAutoConfigurationValidator' of type [class org.springframework.boot.autoconfigure.cache.CacheAutoConfiguration$CacheManagerValidator] is not eligible for getting processed by all BeanPostProcessors (for example: not eligible for auto-proxying)
22:08:58.733 [main] INFO  o.s.j.d.DriverManagerDataSource - Loaded JDBC driver: org.h2.Driver
22:08:59.766 [main] INFO  o.s.o.j.LocalContainerEntityManagerFactoryBean - Building JPA container EntityManagerFactory for persistence unit 'default'
22:08:59.828 [main] INFO  o.h.jpa.internal.util.LogHelper - HHH000204: Processing PersistenceUnitInfo [
	name: default
	...]
22:09:00.130 [main] INFO  org.hibernate.Version - HHH000412: Hibernate Core {5.0.9.Final}
22:09:00.139 [main] INFO  org.hibernate.cfg.Environment - HHH000206: hibernate.properties not found
22:09:00.145 [main] INFO  org.hibernate.cfg.Environment - HHH000021: Bytecode provider name : javassist
22:09:00.317 [main] INFO  o.h.annotations.common.Version - HCANN000001: Hibernate Commons Annotations {5.0.1.Final}
22:09:01.045 [main] INFO  org.hibernate.dialect.Dialect - HHH000400: Using dialect: org.hibernate.dialect.H2Dialect
22:09:01.413 [main] INFO  o.h.e.b.internal.EnversServiceImpl - Envers integration enabled? : true
22:09:05.579 [main] WARN  org.hibernate.orm.deprecation - HHH90000003: Use of DOM4J entity-mode is considered deprecated
22:09:05.585 [main] WARN  org.hibernate.orm.deprecation - HHH90000003: Use of DOM4J entity-mode is considered deprecated
22:09:05.596 [main] WARN  org.hibernate.orm.deprecation - HHH90000003: Use of DOM4J entity-mode is considered deprecated
22:09:06.233 [main] INFO  org.hibernate.tuple.PojoInstantiator - HHH000182: No default (no-argument) constructor for class: com.example.models.security.User (class must be instantiated by Interceptor)
22:09:06.710 [main] INFO  o.h.tool.hbm2ddl.SchemaExport - HHH000227: Running hbm2ddl schema export
22:09:07.048 [main] INFO  o.h.tool.hbm2ddl.SchemaExport - HHH000230: Schema export complete
22:09:07.208 [main] INFO  o.s.o.j.LocalContainerEntityManagerFactoryBean - Initialized JPA EntityManagerFactory for persistence unit 'default'
22:09:07.299 [main] INFO  com.example.StarterApplication - ---Application Started---
22:09:09.263 [main] INFO  org.hibernate.dialect.Dialect - HHH000400: Using dialect: org.hibernate.dialect.H2Dialect
22:09:09.312 [main] INFO  o.h.e.b.internal.EnversServiceImpl - Envers integration enabled? : true
22:09:10.416 [main] WARN  org.hibernate.orm.deprecation - HHH90000003: Use of DOM4J entity-mode is considered deprecated
22:09:10.425 [main] WARN  org.hibernate.orm.deprecation - HHH90000003: Use of DOM4J entity-mode is considered deprecated
22:09:10.431 [main] WARN  org.hibernate.orm.deprecation - HHH90000003: Use of DOM4J entity-mode is considered deprecated
22:09:10.530 [main] INFO  org.hibernate.tuple.PojoInstantiator - HHH000182: No default (no-argument) constructor for class: com.example.models.security.User (class must be instantiated by Interceptor)
22:09:10.746 [main] INFO  o.h.tool.hbm2ddl.SchemaExport - HHH000227: Running hbm2ddl schema export
22:09:11.153 [main] INFO  o.h.tool.hbm2ddl.SchemaExport - HHH000230: Schema export complete
22:09:11.243 [main] INFO  com.example.services.PeopleService - --Person Service Created
22:09:11.688 [main] INFO  o.s.o.h.HibernateTransactionManager - Using DataSource [org.springframework.jdbc.datasource.DriverManagerDataSource@e280403] of Hibernate SessionFactory for HibernateTransactionManager
22:09:12.696 [main] INFO  o.s.s.web.DefaultSecurityFilterChain - Creating filter chain: org.springframework.security.web.util.matcher.AnyRequestMatcher@1, [org.springframework.security.web.context.request.async.WebAsyncManagerIntegrationFilter@49f1184e, org.springframework.security.web.context.SecurityContextPersistenceFilter@49353d43, org.springframework.security.web.header.HeaderWriterFilter@69419d59, org.springframework.security.web.authentication.logout.LogoutFilter@1c43e84e, org.springframework.security.web.authentication.UsernamePasswordAuthenticationFilter@5ef591af, org.springframework.security.web.authentication.ui.DefaultLoginPageGeneratingFilter@57df09a7, org.springframework.security.web.savedrequest.RequestCacheAwareFilter@5bba9949, org.springframework.security.web.servletapi.SecurityContextHolderAwareRequestFilter@7474196, org.springframework.security.web.authentication.AnonymousAuthenticationFilter@7ebaf0d, org.springframework.security.web.session.SessionManagementFilter@2337bf27, org.springframework.security.web.access.ExceptionTranslationFilter@1b10f60e, org.springframework.security.web.access.intercept.FilterSecurityInterceptor@1c4aa701]
22:09:14.116 [main] INFO  o.s.w.s.m.m.a.RequestMappingHandlerAdapter - Looking for @ControllerAdvice: org.springframework.web.context.support.GenericWebApplicationContext@5efa40fe: startup date [Wed Sep 21 22:08:47 EDT 2016]; root of context hierarchy
22:09:14.426 [main] INFO  o.s.w.s.m.m.a.RequestMappingHandlerMapping - Mapped "{[/]}" onto public java.lang.String com.example.controllers.HomeController.home()
22:09:14.430 [main] INFO  o.s.w.s.m.m.a.RequestMappingHandlerMapping - Mapped "{[/greeting]}" onto public java.lang.String com.example.controllers.HomeController.greeting(java.lang.String,org.springframework.ui.Model)
22:09:14.439 [main] INFO  o.s.w.s.m.m.a.RequestMappingHandlerMapping - Mapped "{[/thing]}" onto public java.util.List<com.example.models.Things> com.example.controllers.HomeController.things()
22:09:14.441 [main] INFO  o.s.w.s.m.m.a.RequestMappingHandlerMapping - Mapped "{[/thingcount]}" onto public java.lang.String com.example.controllers.HomeController.thingscount()
22:09:14.442 [main] INFO  o.s.w.s.m.m.a.RequestMappingHandlerMapping - Mapped "{[/address/add],methods=[GET]}" onto public java.util.List<com.example.models.Address> com.example.controllers.HomeController.addaddress()
22:09:14.444 [main] INFO  o.s.w.s.m.m.a.RequestMappingHandlerMapping - Mapped "{[/people]}" onto public java.util.List<com.example.models.Person> com.example.controllers.HomeController.people()
22:09:14.446 [main] INFO  o.s.w.s.m.m.a.RequestMappingHandlerMapping - Mapped "{[/person/add],methods=[POST]}" onto public java.util.List<com.example.models.Person> com.example.controllers.HomeController.adpeople(com.example.models.Person)
22:09:14.448 [main] INFO  o.s.w.s.m.m.a.RequestMappingHandlerMapping - Mapped "{[/person/add],methods=[GET]}" onto public java.util.List<com.example.models.Person> com.example.controllers.HomeController.adpeople()
22:09:14.450 [main] INFO  o.s.w.s.m.m.a.RequestMappingHandlerMapping - Mapped "{[/thing/add],methods=[GET]}" onto public java.util.List<com.example.models.Things> com.example.controllers.HomeController.addthing()
22:09:14.453 [main] INFO  o.s.w.s.m.m.a.RequestMappingHandlerMapping - Mapped "{[/thing/add],methods=[POST]}" onto public java.util.List<com.example.models.Things> com.example.controllers.HomeController.addthing(com.example.models.Things)
22:09:14.460 [main] INFO  o.s.w.s.m.m.a.RequestMappingHandlerMapping - Mapped "{[/address],methods=[GET]}" onto public java.util.List<com.example.models.Address> com.example.controllers.HomeController.alladdress()
22:09:14.461 [main] INFO  o.s.w.s.m.m.a.RequestMappingHandlerMapping - Mapped "{[/seed]}" onto public java.lang.String com.example.controllers.HomeController.seed()
22:09:14.476 [main] INFO  o.s.w.s.m.m.a.RequestMappingHandlerMapping - Mapped "{[/otherthings]}" onto public org.springframework.hateoas.Resource<com.example.models.Things> com.example.controllers.OtherThingsController.things()
22:09:14.477 [main] INFO  o.s.w.s.m.m.a.RequestMappingHandlerMapping - Mapped "{[/otherthings/count]}" onto public java.lang.String com.example.controllers.OtherThingsController.thingscount()
22:09:14.496 [main] INFO  o.s.w.s.m.m.a.RequestMappingHandlerMapping - Mapped "{[/otherthings/add],methods=[POST]}" onto public java.util.List<com.example.models.Things> com.example.controllers.OtherThingsController.addthing(com.example.models.Things)
22:09:14.498 [main] INFO  o.s.w.s.m.m.a.RequestMappingHandlerMapping - Mapped "{[/otherthings/add],methods=[GET]}" onto public java.util.List<com.example.models.Things> com.example.controllers.OtherThingsController.addthing()
22:09:14.500 [main] INFO  o.s.w.s.m.m.a.RequestMappingHandlerMapping - Mapped "{[/Account/Profile],methods=[GET]}" onto public java.lang.String com.example.controllers.security.UserProfileController.myProfile(java.security.Principal)
22:09:14.511 [main] INFO  o.s.w.s.m.m.a.RequestMappingHandlerMapping - Mapped "{[/error]}" onto public org.springframework.http.ResponseEntity<java.util.Map<java.lang.String, java.lang.Object>> org.springframework.boot.autoconfigure.web.BasicErrorController.error(javax.servlet.http.HttpServletRequest)
22:09:14.513 [main] INFO  o.s.w.s.m.m.a.RequestMappingHandlerMapping - Mapped "{[/error],produces=[text/html]}" onto public org.springframework.web.servlet.ModelAndView org.springframework.boot.autoconfigure.web.BasicErrorController.errorHtml(javax.servlet.http.HttpServletRequest,javax.servlet.http.HttpServletResponse)
22:09:14.795 [main] INFO  o.s.w.s.h.SimpleUrlHandlerMapping - Mapped URL path [/webjars/**] onto handler of type [class org.springframework.web.servlet.resource.ResourceHttpRequestHandler]
22:09:14.801 [main] INFO  o.s.w.s.h.SimpleUrlHandlerMapping - Mapped URL path [/**] onto handler of type [class org.springframework.web.servlet.resource.ResourceHttpRequestHandler]
22:09:15.010 [main] INFO  o.s.w.s.h.SimpleUrlHandlerMapping - Mapped URL path [/**/favicon.ico] onto handler of type [class org.springframework.web.servlet.resource.ResourceHttpRequestHandler]
22:09:17.486 [main] INFO  com.example.StarterApplicationTests - Started StarterApplicationTests in 33.039 seconds (JVM running for 36.075)
22:09:17.739 [Thread-1] INFO  o.s.w.c.s.GenericWebApplicationContext - Closing org.springframework.web.context.support.GenericWebApplicationContext@5efa40fe: startup date [Wed Sep 21 22:08:47 EDT 2016]; root of context hierarchy
22:09:17.755 [Thread-1] INFO  o.h.tool.hbm2ddl.SchemaExport - HHH000227: Running hbm2ddl schema export
22:09:18.435 [Thread-1] INFO  o.h.tool.hbm2ddl.SchemaExport - HHH000230: Schema export complete
22:09:18.473 [Thread-1] INFO  o.s.o.j.LocalContainerEntityManagerFactoryBean - Closing JPA EntityManagerFactory for persistence unit 'default'
22:09:18.474 [Thread-1] INFO  o.h.tool.hbm2ddl.SchemaExport - HHH000227: Running hbm2ddl schema export
22:09:18.618 [Thread-1] INFO  o.h.tool.hbm2ddl.SchemaExport - HHH000230: Schema export complete
